<?xml version="1.0" encoding="UTF-8"?>
<!-- Generated by org.testng.reporters.JUnitXMLReporter -->
<testsuite hostname="DESKTOP-1HEU4UN" ignored="0" name="TC_PP_05_Verify_Channels_With_name" tests="2" failures="0" timestamp="22 Aug 2019 10:33:15 GMT" time="364.416" errors="0">
  <testcase name="@AfterTest tearDown" time="20.274" classname="com.Airpay.Tests.TC_PP_05">
    <failure type="org.openqa.selenium.WebDriverException" message="An unknown server-side error occurred while processing the command. Original error: unknown error: failed to close window in 20 seconds
  (Session info: chrome=74.0.3729.136)
  (Driver info: chromedriver=2.46.628402 (536cd7adbad73a3783fdc2cab92ab2ba7ec361e1),platform=Windows NT 10.0.18362 x86_64)
Build info: version: &amp;apos;3.141.59&amp;apos;, revision: &amp;apos;e82be7d358&amp;apos;, time: &amp;apos;2018-11-14T08:17:03&amp;apos;
System info: host: &amp;apos;DESKTOP-1HEU4UN&amp;apos;, ip: &amp;apos;192.168.1.136&amp;apos;, os.name: &amp;apos;Windows 10&amp;apos;, os.arch: &amp;apos;amd64&amp;apos;, os.version: &amp;apos;10.0&amp;apos;, java.version: &amp;apos;1.8.0_181&amp;apos;
Driver info: io.appium.java_client.android.AndroidDriver
Capabilities {app: C:\Users\swapnil.pawar\ecli..., appActivity: com.example.sampleairpay_up..., appPackage: com.example.sampleairpay_upi, browserName: , databaseEnabled: false, desired: {app: C:\Users\swapnil.pawar\ecli..., appActivity: com.example.sampleairpay_up..., appPackage: com.example.sampleairpay_upi, browserName: , deviceName: Redmi, nativeWebScreenshot: true, platformName: android, platformVersion: 9, udid: 594daa44}, deviceManufacturer: Xiaomi, deviceModel: Redmi Note 5 Pro, deviceName: 594daa44, deviceScreenSize: 1080x2160, deviceUDID: 594daa44, javascriptEnabled: true, locationContextEnabled: false, nativeWebScreenshot: true, networkConnectionEnabled: true, platform: LINUX, platformName: Android, platformVersion: 9, takesScreenshot: true, udid: 594daa44, warnings: {}, webStorageEnabled: false}
Session ID: 664deb49-ddc0-4ccb-bd6c-05a606564c90">
      <![CDATA[org.openqa.selenium.WebDriverException: An unknown server-side error occurred while processing the command. Original error: unknown error: failed to close window in 20 seconds
  (Session info: chrome=74.0.3729.136)
  (Driver info: chromedriver=2.46.628402 (536cd7adbad73a3783fdc2cab92ab2ba7ec361e1),platform=Windows NT 10.0.18362 x86_64)
Build info: version: '3.141.59', revision: 'e82be7d358', time: '2018-11-14T08:17:03'
System info: host: 'DESKTOP-1HEU4UN', ip: '192.168.1.136', os.name: 'Windows 10', os.arch: 'amd64', os.version: '10.0', java.version: '1.8.0_181'
Driver info: io.appium.java_client.android.AndroidDriver
Capabilities {app: C:\Users\swapnil.pawar\ecli..., appActivity: com.example.sampleairpay_up..., appPackage: com.example.sampleairpay_upi, browserName: , databaseEnabled: false, desired: {app: C:\Users\swapnil.pawar\ecli..., appActivity: com.example.sampleairpay_up..., appPackage: com.example.sampleairpay_upi, browserName: , deviceName: Redmi, nativeWebScreenshot: true, platformName: android, platformVersion: 9, udid: 594daa44}, deviceManufacturer: Xiaomi, deviceModel: Redmi Note 5 Pro, deviceName: 594daa44, deviceScreenSize: 1080x2160, deviceUDID: 594daa44, javascriptEnabled: true, locationContextEnabled: false, nativeWebScreenshot: true, networkConnectionEnabled: true, platform: LINUX, platformName: Android, platformVersion: 9, takesScreenshot: true, udid: 594daa44, warnings: {}, webStorageEnabled: false}
Session ID: 664deb49-ddc0-4ccb-bd6c-05a606564c90
at org.openqa.selenium.remote.http.W3CHttpResponseCodec.createException(W3CHttpResponseCodec.java:187)
at org.openqa.selenium.remote.http.W3CHttpResponseCodec.decode(W3CHttpResponseCodec.java:122)
at org.openqa.selenium.remote.http.W3CHttpResponseCodec.decode(W3CHttpResponseCodec.java:49)
at org.openqa.selenium.remote.HttpCommandExecutor.execute(HttpCommandExecutor.java:158)
at io.appium.java_client.remote.AppiumCommandExecutor.execute(AppiumCommandExecutor.java:239)
at org.openqa.selenium.remote.RemoteWebDriver.execute(RemoteWebDriver.java:552)
at io.appium.java_client.DefaultGenericMobileDriver.execute(DefaultGenericMobileDriver.java:46)
at io.appium.java_client.AppiumDriver.execute(AppiumDriver.java:1)
at io.appium.java_client.android.AndroidDriver.execute(AndroidDriver.java:1)
at org.openqa.selenium.remote.RemoteWebDriver.close(RemoteWebDriver.java:442)
at com.Airpay.Tests.TC_PP_05.tearDown(TC_PP_05.java:44)
at com.Airpay.Utilities.Create_TestNGXML.createXMLfile(Create_TestNGXML.java:141)
... Removed 50 stack frames]]>
    </failure>
  </testcase> <!-- @AfterTest tearDown -->
  <testcase name="setup" time="0.023" classname="com.Airpay.Tests.TC_PP_05"/>
  <testcase name="TC_TestCaseName" time="271.413" classname="com.Airpay.Tests.TC_PP_05"/>
</testsuite> <!-- TC_PP_05_Verify_Channels_With_name -->
