<?xml version="1.0" encoding="UTF-8"?>
<testng-results skipped="0" failed="0" ignored="0" total="1" passed="1">
  <reporter-output>
  </reporter-output>
  <suite name="Main Test Suite" duration-ms="155982" started-at="2019-08-13T13:00:57Z" finished-at="2019-08-13T13:03:33Z">
    <groups>
    </groups>
    <test name="TestNG Test Group1" duration-ms="155982" started-at="2019-08-13T13:00:57Z" finished-at="2019-08-13T13:03:33Z">
      <class name="com.Airpay.Utilities.Create_TestNGXML">
        <test-method status="PASS" signature="createXMLfile()[pri:0, instance:com.Airpay.Utilities.Create_TestNGXML@4671e53b]" name="createXMLfile" duration-ms="155861" started-at="2019-08-13T13:00:57Z" finished-at="2019-08-13T13:03:33Z">
          <reporter-output>
          </reporter-output>
        </test-method> <!-- createXMLfile -->
      </class> <!-- com.Airpay.Utilities.Create_TestNGXML -->
    </test> <!-- TestNG Test Group1 -->
  </suite> <!-- Main Test Suite -->
</testng-results>
